2024-10-14 10:52:45,463 - INFO - MoviesScraper initialized with 0 clicks
2024-10-14 10:52:49,201 - ERROR - Error in fetch_movies: Message: no such window: target window already closed
from unknown error: web view not found
  (Session info: chrome=129.0.6668.90)
Stacktrace:
	GetHandleVerifier [0x00007FF67873B095+29557]
	(No symbol) [0x00007FF6786AFA50]
	(No symbol) [0x00007FF67856B56A]
	(No symbol) [0x00007FF67853FCC5]
	(No symbol) [0x00007FF6785EEE07]
	(No symbol) [0x00007FF678607E21]
	(No symbol) [0x00007FF6785E6F33]
	(No symbol) [0x00007FF6785B116F]
	(No symbol) [0x00007FF6785B22D1]
	GetHandleVerifier [0x00007FF678A6C96D+3378253]
	GetHandleVerifier [0x00007FF678AB8497+3688311]
	GetHandleVerifier [0x00007FF678AAD1CB+3642539]
	GetHandleVerifier [0x00007FF6787FA6B6+813462]
	(No symbol) [0x00007FF6786BAB5F]
	(No symbol) [0x00007FF6786B6B74]
	(No symbol) [0x00007FF6786B6D10]
	(No symbol) [0x00007FF6786A5C1F]
	BaseThreadInitThunk [0x00007FFEA4FC257D+29]
	RtlUserThreadStart [0x00007FFEA5E8AF08+40]

2024-10-14 11:14:50,826 - INFO - MoviesScraper initialized with 0 clicks
2024-10-14 11:14:53,610 - ERROR - Error in fetch_movies: Message: no such window: target window already closed
from unknown error: web view not found
  (Session info: chrome=129.0.6668.90)
Stacktrace:
	GetHandleVerifier [0x00007FF67873B095+29557]
	(No symbol) [0x00007FF6786AFA50]
	(No symbol) [0x00007FF67856B56A]
	(No symbol) [0x00007FF67853FCC5]
	(No symbol) [0x00007FF6785EEE07]
	(No symbol) [0x00007FF678607E21]
	(No symbol) [0x00007FF6785E6F33]
	(No symbol) [0x00007FF6785B116F]
	(No symbol) [0x00007FF6785B22D1]
	GetHandleVerifier [0x00007FF678A6C96D+3378253]
	GetHandleVerifier [0x00007FF678AB8497+3688311]
	GetHandleVerifier [0x00007FF678AAD1CB+3642539]
	GetHandleVerifier [0x00007FF6787FA6B6+813462]
	(No symbol) [0x00007FF6786BAB5F]
	(No symbol) [0x00007FF6786B6B74]
	(No symbol) [0x00007FF6786B6D10]
	(No symbol) [0x00007FF6786A5C1F]
	BaseThreadInitThunk [0x00007FFEA4FC257D+29]
	RtlUserThreadStart [0x00007FFEA5E8AF08+40]

2024-10-14 12:58:08,320 - INFO - MoviesScraper initialized with 1 clicks
2024-10-14 12:58:15,076 - INFO - Completed fetching movies. Total movies: 100
2024-10-14 13:01:42,821 - INFO - MoviesScraper initialized with 0 clicks
2024-10-14 13:01:47,315 - INFO - Completed fetching movies. Total movies: 50
2024-10-14 13:12:45,570 - INFO - MoviesScraper initialized with 0 clicks
2024-10-14 13:12:52,868 - INFO - Completed fetching movies. Total movies: 50
2024-10-14 13:27:57,956 - INFO - MoviesScraper initialized with 0 clicks
2024-10-14 13:28:02,370 - INFO - Completed fetching movies. Total movies: 50
2024-10-14 14:05:21,738 - INFO - MoviesScraper initialized with 0 clicks
2024-10-14 14:05:28,568 - INFO - Completed fetching movies. Total movies: 50
2024-10-14 14:59:27,822 - INFO - MoviesScraper initialized with 0 clicks
2024-10-14 14:59:32,454 - INFO - Completed fetching movies. Total movies: 50
2024-10-14 15:24:08,527 - INFO - MoviesScraper initialized with 0 clicks
2024-10-14 15:24:13,351 - INFO - Completed fetching movies. Total movies: 50
2024-10-14 15:43:04,109 - INFO - MoviesScraper initialized with 0 clicks
2024-10-14 15:43:07,957 - INFO - Completed fetching movies. Total movies: 50
2024-10-14 17:45:21,434 - INFO - MoviesScraper initialized with 0 clicks
2024-10-14 17:45:26,452 - INFO - Completed fetching movies. Total movies: 50
2024-10-14 19:54:52,379 - INFO - MoviesScraper initialized with 0 clicks
2024-10-14 19:54:56,688 - INFO - Completed fetching movies. Total movies: 50
2024-10-14 20:15:37,903 - INFO - MoviesScraper initialized with 0 clicks
2024-10-14 20:15:42,101 - INFO - Completed fetching movies. Total movies: 50
2024-10-14 20:30:14,481 - INFO - MoviesScraper initialized with 0 clicks
2024-10-14 20:30:18,834 - INFO - Completed fetching movies. Total movies: 50
2024-10-14 20:49:14,213 - INFO - MoviesScraper initialized with 0 clicks
2024-10-14 20:49:18,544 - INFO - Completed fetching movies. Total movies: 50
2024-10-14 21:01:27,555 - INFO - MoviesScraper initialized with 0 clicks
2024-10-14 21:01:28,623 - ERROR - Error in fetch_movies: Message: no such window: target window already closed
from unknown error: web view not found
  (Session info: chrome=129.0.6668.90)
Stacktrace:
	GetHandleVerifier [0x00007FF7E07FB095+29557]
	(No symbol) [0x00007FF7E076FA50]
	(No symbol) [0x00007FF7E062B56A]
	(No symbol) [0x00007FF7E05FFCC5]
	(No symbol) [0x00007FF7E06AEE07]
	(No symbol) [0x00007FF7E06C7E21]
	(No symbol) [0x00007FF7E06A6F33]
	(No symbol) [0x00007FF7E067116F]
	(No symbol) [0x00007FF7E06722D1]
	GetHandleVerifier [0x00007FF7E0B2C96D+3378253]
	GetHandleVerifier [0x00007FF7E0B78497+3688311]
	GetHandleVerifier [0x00007FF7E0B6D1CB+3642539]
	GetHandleVerifier [0x00007FF7E08BA6B6+813462]
	(No symbol) [0x00007FF7E077AB5F]
	(No symbol) [0x00007FF7E0776B74]
	(No symbol) [0x00007FF7E0776D10]
	(No symbol) [0x00007FF7E0765C1F]
	BaseThreadInitThunk [0x00007FFEE125257D+29]
	RtlUserThreadStart [0x00007FFEE2ECAF08+40]

2024-10-14 21:01:51,855 - INFO - MoviesScraper initialized with 0 clicks
2024-10-14 21:01:55,759 - INFO - Completed fetching movies. Total movies: 50
2024-10-14 21:15:20,185 - INFO - MoviesScraper initialized with 0 clicks
2024-10-14 21:15:24,762 - INFO - Completed fetching movies. Total movies: 50
2024-10-14 21:24:40,898 - INFO - MoviesScraper initialized with 0 clicks
2024-10-14 21:24:45,130 - INFO - Completed fetching movies. Total movies: 50
2024-10-15 18:05:53,610 - INFO - MoviesScraper initialized with 0 clicks
2024-10-15 18:05:58,102 - INFO - Completed fetching movies. Total movies: 50
2024-10-15 18:27:07,823 - INFO - MoviesScraper initialized with 0 clicks
2024-10-15 18:27:10,549 - ERROR - Error in fetch_movies: Message: no such window: target window already closed
from unknown error: web view not found
  (Session info: chrome=129.0.6668.90)
Stacktrace:
	GetHandleVerifier [0x00007FF71F74B095+29557]
	(No symbol) [0x00007FF71F6BFA50]
	(No symbol) [0x00007FF71F57B56A]
	(No symbol) [0x00007FF71F54FCC5]
	(No symbol) [0x00007FF71F5FEE07]
	(No symbol) [0x00007FF71F617E21]
	(No symbol) [0x00007FF71F5F6F33]
	(No symbol) [0x00007FF71F5C116F]
	(No symbol) [0x00007FF71F5C22D1]
	GetHandleVerifier [0x00007FF71FA7C96D+3378253]
	GetHandleVerifier [0x00007FF71FAC8497+3688311]
	GetHandleVerifier [0x00007FF71FABD1CB+3642539]
	GetHandleVerifier [0x00007FF71F80A6B6+813462]
	(No symbol) [0x00007FF71F6CAB5F]
	(No symbol) [0x00007FF71F6C6B74]
	(No symbol) [0x00007FF71F6C6D10]
	(No symbol) [0x00007FF71F6B5C1F]
	BaseThreadInitThunk [0x00007FFEE125257D+29]
	RtlUserThreadStart [0x00007FFEE2ECAF08+40]

2024-10-15 18:44:20,836 - INFO - MoviesScraper initialized with 0 clicks
2024-10-15 18:44:25,670 - INFO - Completed fetching movies. Total movies: 50
2024-10-15 18:47:23,060 - INFO - MoviesScraper initialized with 0 clicks
2024-10-15 18:47:27,175 - INFO - Completed fetching movies. Total movies: 50
2024-10-15 18:58:43,464 - INFO - MoviesScraper initialized with 0 clicks
2024-10-15 18:58:47,973 - INFO - Completed fetching movies. Total movies: 50
2024-10-15 19:02:01,320 - INFO - MoviesScraper initialized with 0 clicks
2024-10-15 19:02:05,179 - INFO - Completed fetching movies. Total movies: 50
2024-10-15 19:19:02,736 - INFO - MoviesScraper initialized with 50 clicks
2024-10-15 19:21:57,684 - INFO - Completed fetching movies. Total movies: 2550
2024-10-15 19:23:03,720 - INFO - MoviesScraper initialized with 200 clicks
2024-10-15 19:51:33,801 - INFO - Completed fetching movies. Total movies: 10050
2024-10-15 20:36:34,709 - INFO - MoviesScraper initialized with 0 clicks
2024-10-15 20:36:38,835 - INFO - Completed fetching movies. Total movies: 50
2024-10-15 20:37:08,124 - INFO - MoviesScraper initialized with 0 clicks
2024-10-15 20:37:12,561 - INFO - Completed fetching movies. Total movies: 50
2024-10-19 11:55:45,020 - INFO - Total reviews found: 139
2024-10-19 11:55:45,020 - INFO - MoviesScraper initialized with 2 clicks
2024-10-19 11:55:45,124 - INFO - Clicked 'Load More' button successfully.
2024-10-19 11:55:46,428 - INFO - Completed fetching movies. Total movies: 0
2024-10-19 12:09:31,248 - INFO - MoviesScraper initialized with 0 clicks
2024-10-19 12:09:35,641 - INFO - Completed fetching movies. Total movies: 0
2024-10-19 12:09:57,134 - INFO - MoviesScraper initialized with 0 clicks
2024-10-19 12:10:01,255 - INFO - Completed fetching movies. Total movies: 0
2024-10-19 15:14:10,462 - INFO - Total reviews found: 139
2024-10-19 15:14:10,463 - INFO - MoviesScraper initialized with 2 clicks
2024-10-19 15:14:10,516 - INFO - Clicked 'Load More' button successfully.
2024-10-19 15:14:11,557 - INFO - Clicked 'Load More' button successfully.
2024-10-19 15:14:12,905 - INFO - Finished extraction of movie data.
2024-10-19 15:14:12,906 - INFO - Completed fetching movies. Total movies: 139
2024-10-19 15:18:01,808 - INFO - Total reviews found: 139
2024-10-19 15:18:01,808 - INFO - MoviesScraper initialized with 2 clicks
2024-10-19 15:18:01,879 - INFO - Clicked 'Load More' button successfully.
2024-10-19 15:18:02,922 - INFO - Clicked 'Load More' button successfully.
2024-10-19 15:18:04,226 - INFO - Finished extraction of movie data.
2024-10-19 15:18:04,227 - INFO - Completed fetching movies. Total movies: 139
2024-10-19 15:19:06,944 - INFO - Total reviews found: 139
2024-10-19 15:19:06,944 - INFO - MoviesScraper initialized with 2 clicks
2024-10-19 15:19:06,997 - INFO - Clicked 'Load More' button successfully.
2024-10-19 15:19:08,567 - INFO - Clicked 'Load More' button successfully.
2024-10-19 15:19:10,006 - INFO - Finished extraction of movie data.
2024-10-19 15:19:10,006 - INFO - Completed fetching movies. Total movies: 139
2024-10-19 15:23:02,032 - INFO - Total reviews found: 139
2024-10-19 15:23:02,032 - INFO - MoviesScraper initialized with 2 clicks
2024-10-19 15:23:02,093 - INFO - Clicked 'Load More' button successfully.
2024-10-19 15:23:03,134 - INFO - Clicked 'Load More' button successfully.
2024-10-19 15:23:04,527 - INFO - Finished extraction of movie data.
2024-10-19 15:23:04,527 - INFO - Completed fetching movies. Total movies: 139
2024-10-19 15:28:17,958 - INFO - Total reviews found: 139
2024-10-19 15:28:17,959 - INFO - MoviesScraper initialized with 2 clicks
2024-10-19 15:28:18,031 - INFO - Clicked 'Load More' button successfully.
2024-10-19 15:28:19,070 - INFO - Clicked 'Load More' button successfully.
2024-10-19 15:28:20,569 - INFO - Finished extraction of movie data.
2024-10-19 15:28:20,570 - INFO - Completed fetching movies. Total movies: 139
2024-10-19 15:45:34,527 - INFO - Total reviews found: 139
2024-10-19 15:45:34,528 - INFO - MoviesScraper initialized with 2 clicks
2024-10-19 15:45:34,581 - INFO - Clicked 'Load More' button successfully.
2024-10-19 15:45:35,789 - INFO - Clicked 'Load More' button successfully.
2024-10-19 15:45:37,228 - INFO - Finished extraction of movie data.
2024-10-19 15:45:37,229 - INFO - Completed fetching movies. Total movies: 139
2024-10-19 15:58:39,819 - INFO - Total reviews found: 139
2024-10-19 15:58:39,820 - INFO - MoviesScraper initialized with 2 clicks
2024-10-19 15:58:39,873 - INFO - Clicked 'Load More' button successfully.
2024-10-19 15:58:41,470 - INFO - Clicked 'Load More' button successfully.
2024-10-19 15:58:42,978 - INFO - Finished extraction of movie data.
2024-10-19 15:58:42,979 - INFO - Completed fetching movies. Total movies: 139
2024-10-19 16:26:32,067 - INFO - Total reviews found: 139
2024-10-19 16:26:32,067 - INFO - MoviesScraper initialized with 2 clicks
2024-10-19 16:26:32,121 - INFO - Clicked 'Load More' button successfully.
2024-10-19 16:26:33,722 - INFO - Clicked 'Load More' button successfully.
2024-10-19 16:26:35,105 - INFO - Finished extraction of movie data.
2024-10-19 16:26:35,105 - INFO - Completed fetching movies. Total movies: 100
2024-10-19 16:36:02,622 - INFO - Total reviews found: 139
2024-10-19 16:36:02,623 - INFO - MoviesScraper initialized with 2 clicks
2024-10-19 16:36:02,676 - INFO - Clicked 'Load More' button successfully.
2024-10-19 16:36:03,726 - INFO - Clicked 'Load More' button successfully.
2024-10-19 16:36:05,052 - INFO - Finished extraction of movie data.
2024-10-19 16:36:05,052 - INFO - Completed fetching movies. Total movies: 139
2024-10-19 16:37:30,899 - INFO - Total reviews found: 104
2024-10-19 16:37:30,899 - INFO - MoviesScraper initialized with 2 clicks
2024-10-19 16:37:30,944 - INFO - Clicked 'Load More' button successfully.
2024-10-19 16:37:32,008 - INFO - Clicked 'Load More' button successfully.
2024-10-19 16:37:33,308 - INFO - Finished extraction of movie data.
2024-10-19 16:37:33,309 - INFO - Completed fetching movies. Total movies: 104
2024-10-19 16:51:45,078 - INFO - Total reviews found: 40
2024-10-19 16:51:45,079 - INFO - MoviesScraper initialized with 0 clicks
2024-10-19 16:51:45,338 - INFO - Finished extraction of movie data.
2024-10-19 16:51:45,338 - INFO - Completed fetching movies. Total movies: 40
2024-10-19 16:55:54,196 - INFO - Total reviews found: 40
2024-10-19 16:55:54,197 - INFO - MoviesScraper initialized with 0 clicks
2024-10-19 16:55:54,558 - INFO - Finished extraction of movie data.
2024-10-19 16:55:54,559 - INFO - Completed fetching movies. Total movies: 40
2024-10-21 18:55:39,164 - INFO - Total reviews found: 124
2024-10-21 18:55:39,165 - INFO - MoviesScraper initialized with 2 clicks
2024-10-21 18:55:39,225 - INFO - Clicked 'Load More' button successfully.
2024-10-21 18:55:40,800 - INFO - Clicked 'Load More' button successfully.
2024-10-21 18:55:42,141 - INFO - Finished extraction of movie data.
2024-10-21 18:55:42,141 - INFO - Completed fetching movies. Total movies: 124
2024-10-21 20:12:03,983 - INFO - Total reviews found: 124
2024-10-21 20:12:03,984 - INFO - MoviesScraper initialized with 2 clicks
2024-10-21 20:12:04,049 - INFO - Clicked 'Load More' button successfully.
2024-10-21 20:12:05,147 - INFO - Clicked 'Load More' button successfully.
2024-10-21 20:12:06,480 - INFO - Finished extraction of movie data.
2024-10-21 20:12:06,480 - INFO - Completed fetching movies. Total movies: 100
2024-10-21 20:54:57,062 - ERROR - Error fetching total reviews: invalid literal for int() with base 10: '16,321'
2024-10-21 20:54:57,064 - ERROR - Error in fetch_movies: cannot access local variable 'clicks' where it is not associated with a value
2024-10-21 20:55:20,064 - INFO - Total reviews found: 225
2024-10-21 20:55:20,065 - INFO - MoviesScraper initialized with 4 clicks
2024-10-21 20:55:20,205 - INFO - Clicked 'Load More' button successfully.
2024-10-21 20:55:22,447 - INFO - Clicked 'Load More' button successfully.
2024-10-21 20:55:24,580 - INFO - Clicked 'Load More' button successfully.
2024-10-21 20:55:26,171 - INFO - Clicked 'Load More' button successfully.
2024-10-21 20:55:27,841 - INFO - Finished extraction of movie data.
2024-10-21 20:55:27,843 - INFO - Completed fetching movies. Total movies: 200
2024-10-21 21:00:03,127 - INFO - Total reviews found: 225
2024-10-21 21:00:03,127 - INFO - MoviesScraper initialized with 4 clicks
2024-10-21 21:00:03,219 - INFO - Clicked 'Load More' button successfully.
2024-10-21 21:00:04,265 - INFO - Clicked 'Load More' button successfully.
2024-10-21 21:00:05,311 - INFO - Clicked 'Load More' button successfully.
2024-10-21 21:00:06,373 - INFO - Clicked 'Load More' button successfully.
2024-10-21 21:00:07,997 - INFO - Finished extraction of movie data.
2024-10-21 21:00:07,997 - INFO - Completed fetching movies. Total movies: 225
2024-10-21 21:18:30,863 - INFO - Total reviews found: 124
2024-10-21 21:18:30,866 - INFO - MoviesScraper initialized with 2 clicks
2024-10-21 21:18:30,923 - INFO - Clicked 'Load More' button successfully.
2024-10-21 21:18:32,701 - INFO - Clicked 'Load More' button successfully.
2024-10-21 21:18:34,270 - INFO - Finished extraction of movie data.
2024-10-21 21:18:34,271 - INFO - Completed fetching movies. Total movies: 100
2024-10-21 21:48:11,804 - INFO - Total reviews found: 124
2024-10-21 21:48:11,805 - INFO - MoviesScraper initialized with 2 clicks
2024-10-21 21:48:11,870 - INFO - Clicked 'Load More' button successfully.
2024-10-21 21:48:12,910 - INFO - Clicked 'Load More' button successfully.
2024-10-21 21:48:14,337 - INFO - Finished extraction of movie data.
2024-10-21 21:48:14,337 - INFO - Completed fetching movies. Total movies: 124
2024-10-22 10:39:12,038 - INFO - Total reviews found: 124
2024-10-22 10:39:12,039 - INFO - MoviesScraper initialized with 2 clicks
2024-10-22 10:39:12,133 - INFO - Clicked 'Load More' button successfully.
2024-10-22 10:39:13,165 - INFO - Clicked 'Load More' button successfully.
2024-10-22 10:39:14,626 - INFO - Finished extraction of movie data.
2024-10-22 10:39:14,627 - INFO - Completed fetching movies. Total movies: 124
2024-10-22 10:40:42,124 - INFO - Total reviews found: 124
2024-10-22 10:40:42,125 - INFO - MoviesScraper initialized with 2 clicks
2024-10-22 10:40:42,180 - INFO - Clicked 'Load More' button successfully.
2024-10-22 10:40:43,227 - INFO - Clicked 'Load More' button successfully.
2024-10-22 10:40:44,733 - INFO - Finished extraction of movie data.
2024-10-22 10:40:44,734 - INFO - Completed fetching movies. Total movies: 124
2024-10-22 11:15:09,599 - INFO - Total reviews found: 140
2024-10-22 11:15:09,600 - INFO - MoviesScraper initialized with 0 clicks
2024-10-22 11:15:09,854 - INFO - Finished extraction of movie data.
2024-10-22 11:15:09,855 - INFO - Completed fetching movies. Total movies: 10
2024-10-22 11:20:02,897 - INFO - Total reviews found: 140
2024-10-22 11:20:02,899 - INFO - MoviesScraper initialized with 0 clicks
2024-10-22 11:20:03,087 - INFO - Finished extraction of movie data.
2024-10-22 11:20:03,089 - INFO - Completed fetching movies. Total movies: 10
2024-10-22 11:43:32,959 - INFO - Total reviews found: 93
2024-10-22 11:43:32,960 - INFO - MoviesScraper initialized with 0 clicks
2024-10-22 11:43:33,154 - INFO - Finished extraction of movie data.
2024-10-22 11:43:33,155 - INFO - Completed fetching movies. Total movies: 10
2024-10-22 12:48:37,070 - INFO - Total reviews found: 140
2024-10-22 12:48:37,071 - INFO - MoviesScraper initialized with 0 clicks
2024-10-22 12:48:37,301 - INFO - Finished extraction of movie data.
2024-10-22 12:48:37,301 - INFO - Completed fetching movies. Total movies: 10
2024-10-22 20:52:57,207 - INFO - Total reviews found: 124
2024-10-22 20:52:57,210 - INFO - MoviesScraper initialized with 0 clicks
2024-10-22 20:52:57,597 - INFO - Finished extraction of movie data.
2024-10-22 20:52:57,598 - INFO - Completed fetching movies. Total movies: 10
2024-10-22 21:29:17,865 - INFO - Total reviews found: 93
2024-10-22 21:29:17,867 - INFO - MoviesScraper initialized with 0 clicks
2024-10-22 21:29:18,150 - INFO - Finished extraction of movie data.
2024-10-22 21:29:18,150 - INFO - Completed fetching movies. Total movies: 10
2024-10-22 22:07:34,771 - INFO - Total reviews found: 124
2024-10-22 22:07:34,772 - INFO - MoviesScraper initialized with 0 clicks
2024-10-22 22:07:35,089 - INFO - Finished extraction of movie data.
2024-10-22 22:07:35,090 - INFO - Completed fetching movies. Total movies: 10
2024-10-22 22:08:00,209 - INFO - Total reviews found: 124
2024-10-22 22:08:00,211 - INFO - MoviesScraper initialized with 0 clicks
2024-10-22 22:08:00,510 - INFO - Finished extraction of movie data.
2024-10-22 22:08:00,510 - INFO - Completed fetching movies. Total movies: 10
2024-10-22 22:13:33,060 - INFO - Total reviews found: 124
2024-10-22 22:13:33,061 - INFO - MoviesScraper initialized with 0 clicks
2024-10-22 22:13:33,863 - INFO - Finished extraction of movie data.
2024-10-22 22:13:33,864 - INFO - Completed fetching movies. Total movies: 10
2024-10-23 14:48:49,526 - INFO - Total reviews found: 47
2024-10-23 14:48:49,526 - INFO - MoviesScraper initialized with 0 clicks
2024-10-23 14:48:49,763 - INFO - Finished extraction of movie data.
2024-10-23 14:48:49,764 - INFO - Completed fetching movies. Total movies: 10
2024-10-23 22:08:18,973 - INFO - Total reviews found: 126
2024-10-23 22:08:18,973 - INFO - MoviesScraper initialized with 2 clicks
2024-10-23 22:08:19,399 - INFO - Clicked 'Load More' button successfully.
2024-10-23 22:08:21,639 - INFO - Clicked 'Load More' button successfully.
2024-10-23 22:08:23,734 - INFO - Finished extraction of movie data.
2024-10-23 22:08:23,734 - INFO - Completed fetching movies. Total movies: 100
2024-10-23 22:29:42,278 - INFO - Total reviews found: 69
2024-10-23 22:29:42,280 - INFO - MoviesScraper initialized with 1 clicks
2024-10-23 22:29:42,385 - INFO - Clicked 'Load More' button successfully.
2024-10-23 22:29:43,668 - INFO - Finished extraction of movie data.
2024-10-23 22:29:43,669 - INFO - Completed fetching movies. Total movies: 69
2024-10-25 23:22:06,278 - INFO - Total reviews found: 137
2024-10-25 23:22:06,278 - INFO - MoviesScraper initialized with 2 clicks
2024-10-25 23:22:06,362 - INFO - Clicked 'Load More' button successfully.
2024-10-25 23:22:08,032 - INFO - Clicked 'Load More' button successfully.
2024-10-25 23:22:09,320 - INFO - Finished extraction of movie data.
2024-10-25 23:22:09,320 - INFO - Completed fetching movies. Total movies: 100
2024-10-25 23:23:33,825 - INFO - Total reviews found: 137
2024-10-25 23:23:33,826 - INFO - MoviesScraper initialized with 2 clicks
2024-10-25 23:23:33,878 - INFO - Clicked 'Load More' button successfully.
2024-10-25 23:23:34,917 - INFO - Clicked 'Load More' button successfully.
2024-10-25 23:23:36,245 - INFO - Finished extraction of movie data.
2024-10-25 23:23:36,245 - INFO - Completed fetching movies. Total movies: 137
2024-10-26 23:25:56,080 - INFO - Total reviews found: 113
2024-10-26 23:25:56,080 - INFO - MoviesScraper initialized with 0 clicks
2024-10-26 23:25:56,306 - INFO - Finished extraction of movie data.
2024-10-26 23:25:56,306 - INFO - Completed fetching movies. Total movies: 10
2024-10-26 23:29:51,980 - INFO - Total reviews found: 113
2024-10-26 23:29:51,980 - INFO - MoviesScraper initialized with 0 clicks
2024-10-26 23:29:52,242 - INFO - Finished extraction of movie data.
2024-10-26 23:29:52,243 - INFO - Completed fetching movies. Total movies: 10
2024-10-27 17:30:44,710 - INFO - Total reviews found: 50
2024-10-27 17:30:44,711 - INFO - MoviesScraper initialized with 0 clicks
2024-10-27 17:30:44,991 - INFO - Finished extraction of movie data.
2024-10-27 17:30:44,991 - INFO - Completed fetching movies. Total movies: 10
2024-10-27 17:33:18,948 - INFO - Total reviews found: 50
2024-10-27 17:33:18,948 - INFO - MoviesScraper initialized with 0 clicks
2024-10-27 17:33:19,140 - INFO - Finished extraction of movie data.
2024-10-27 17:33:19,141 - INFO - Completed fetching movies. Total movies: 10
2024-10-27 17:46:49,032 - INFO - Total reviews found: 50
2024-10-27 17:46:49,033 - INFO - MoviesScraper initialized with 0 clicks
2024-10-27 17:46:49,334 - INFO - Finished extraction of movie data.
2024-10-27 17:46:49,335 - INFO - Completed fetching movies. Total movies: 10
2024-10-27 17:48:53,007 - INFO - Total reviews found: 50
2024-10-27 17:48:53,008 - INFO - MoviesScraper initialized with 0 clicks
2024-10-27 17:48:53,264 - INFO - Finished extraction of movie data.
2024-10-27 17:48:53,264 - INFO - Completed fetching movies. Total movies: 10
2024-10-27 18:56:16,926 - INFO - Total reviews found: 322
2024-10-27 18:56:16,927 - INFO - MoviesScraper initialized with 0 clicks
2024-10-27 18:56:17,109 - INFO - Finished extraction of movie data.
2024-10-27 18:56:17,109 - INFO - Completed fetching movies. Total movies: 10
2024-10-27 19:15:47,316 - INFO - Total reviews found: 322
2024-10-27 19:15:47,317 - INFO - MoviesScraper initialized with 0 clicks
2024-10-27 19:15:47,507 - INFO - Finished extraction of movie data.
2024-10-27 19:15:47,507 - INFO - Completed fetching movies. Total movies: 10
2024-10-27 19:23:16,222 - INFO - Total reviews found: 322
2024-10-27 19:23:16,223 - INFO - MoviesScraper initialized with 0 clicks
2024-10-27 19:23:16,474 - INFO - Finished extraction of movie data.
2024-10-27 19:23:16,474 - INFO - Completed fetching movies. Total movies: 10
2024-10-27 19:34:41,071 - INFO - Total reviews found: 322
2024-10-27 19:34:41,072 - INFO - MoviesScraper initialized with 0 clicks
2024-10-27 19:34:41,317 - INFO - Finished extraction of movie data.
2024-10-27 19:34:41,318 - INFO - Completed fetching movies. Total movies: 10
2024-10-27 20:12:42,810 - INFO - Total reviews found: 322
2024-10-27 20:12:42,811 - INFO - MoviesScraper initialized with 0 clicks
2024-10-27 20:12:43,065 - INFO - Finished extraction of movie data.
2024-10-27 20:12:43,065 - INFO - Completed fetching movies. Total movies: 10
2024-10-27 20:25:26,674 - INFO - Total reviews found: 322
2024-10-27 20:25:26,675 - INFO - MoviesScraper initialized with 0 clicks
2024-10-27 20:25:27,048 - INFO - Finished extraction of movie data.
2024-10-27 20:25:27,049 - INFO - Completed fetching movies. Total movies: 10
2024-10-27 20:35:00,575 - INFO - Total reviews found: 322
2024-10-27 20:35:00,576 - INFO - MoviesScraper initialized with 0 clicks
2024-10-27 20:35:00,875 - INFO - Finished extraction of movie data.
2024-10-27 20:35:00,876 - INFO - Completed fetching movies. Total movies: 10
2024-10-27 20:53:34,320 - INFO - Total reviews found: 322
2024-10-27 20:53:34,321 - INFO - MoviesScraper initialized with 0 clicks
2024-10-27 20:53:34,542 - INFO - Finished extraction of movie data.
2024-10-27 20:53:34,542 - INFO - Completed fetching movies. Total movies: 10
2024-10-27 21:24:05,810 - INFO - Total reviews found: 322
2024-10-27 21:24:05,811 - INFO - MoviesScraper initialized with 0 clicks
2024-10-27 21:24:06,179 - INFO - Finished extraction of movie data.
2024-10-27 21:24:06,180 - INFO - Completed fetching movies. Total movies: 10
2024-10-27 21:30:04,756 - INFO - Total reviews found: 322
2024-10-27 21:30:04,758 - INFO - MoviesScraper initialized with 0 clicks
2024-10-27 21:30:04,989 - INFO - Finished extraction of movie data.
2024-10-27 21:30:04,990 - INFO - Completed fetching movies. Total movies: 10
2024-10-27 21:30:43,107 - INFO - Total reviews found: 50
2024-10-27 21:30:43,108 - INFO - MoviesScraper initialized with 0 clicks
2024-10-27 21:30:43,296 - INFO - Finished extraction of movie data.
2024-10-27 21:30:43,297 - INFO - Completed fetching movies. Total movies: 10
2024-10-27 21:33:03,633 - INFO - Total reviews found: 50
2024-10-27 21:33:03,633 - INFO - MoviesScraper initialized with 0 clicks
2024-10-27 21:33:03,848 - INFO - Finished extraction of movie data.
2024-10-27 21:33:03,849 - INFO - Completed fetching movies. Total movies: 50
2024-10-27 21:52:19,099 - INFO - Total reviews found: 50
2024-10-27 21:52:19,100 - INFO - MoviesScraper initialized with 0 clicks
2024-10-27 21:52:19,321 - INFO - Finished extraction of movie data.
2024-10-27 21:52:19,322 - INFO - Completed fetching movies. Total movies: 10
2024-10-27 21:54:17,297 - INFO - Total reviews found: 50
2024-10-27 21:54:17,298 - INFO - MoviesScraper initialized with 0 clicks
2024-10-27 21:54:17,543 - INFO - Finished extraction of movie data.
2024-10-27 21:54:17,543 - INFO - Completed fetching movies. Total movies: 50
2024-10-27 22:14:17,379 - INFO - Total reviews found: 322
2024-10-27 22:14:17,379 - INFO - MoviesScraper initialized with 0 clicks
2024-10-27 22:14:17,617 - INFO - Finished extraction of movie data.
2024-10-27 22:14:17,618 - INFO - Completed fetching movies. Total movies: 10
2024-10-27 22:19:30,095 - INFO - Total reviews found: 322
2024-10-27 22:19:30,095 - INFO - MoviesScraper initialized with 6 clicks
2024-10-27 22:19:30,151 - INFO - Clicked 'Load More' button successfully.
2024-10-27 22:19:31,732 - INFO - Clicked 'Load More' button successfully.
2024-10-27 22:19:33,838 - INFO - Clicked 'Load More' button successfully.
2024-10-27 22:19:35,517 - INFO - Clicked 'Load More' button successfully.
2024-10-27 22:19:37,105 - INFO - Clicked 'Load More' button successfully.
2024-10-27 22:19:38,766 - INFO - Clicked 'Load More' button successfully.
2024-10-27 22:19:40,957 - INFO - Finished extraction of movie data.
2024-10-27 22:19:40,958 - INFO - Completed fetching movies. Total movies: 322
2024-10-28 10:58:21,927 - INFO - Total reviews found: 47
2024-10-28 10:58:21,928 - INFO - MoviesScraper initialized with 0 clicks
2024-10-28 10:58:22,111 - INFO - Finished extraction of movie data.
2024-10-28 10:58:22,112 - INFO - Completed fetching movies. Total movies: 10
2024-10-28 11:04:33,850 - INFO - Total reviews found: 47
2024-10-28 11:04:33,850 - INFO - MoviesScraper initialized with 0 clicks
2024-10-28 11:04:34,046 - INFO - Finished extraction of movie data.
2024-10-28 11:04:34,047 - INFO - Completed fetching movies. Total movies: 10
2024-10-28 11:16:02,072 - INFO - Total reviews found: 26
2024-10-28 11:16:02,073 - INFO - MoviesScraper initialized with 0 clicks
2024-10-28 11:16:02,321 - INFO - Finished extraction of movie data.
2024-10-28 11:16:02,322 - INFO - Completed fetching movies. Total movies: 26
2024-10-28 11:57:06,024 - INFO - Total reviews found: 26
2024-10-28 11:57:06,025 - INFO - MoviesScraper initialized with 0 clicks
2024-10-28 11:57:06,193 - INFO - Finished extraction of movie data.
2024-10-28 11:57:06,194 - INFO - Completed fetching movies. Total movies: 26
2024-10-28 12:33:42,825 - INFO - Total reviews found: 26
2024-10-28 12:33:42,825 - INFO - MoviesScraper initialized with 0 clicks
2024-10-28 12:33:43,061 - INFO - Finished extraction of movie data.
2024-10-28 12:33:43,062 - INFO - Completed fetching movies. Total movies: 26
2024-10-28 12:42:10,897 - INFO - Total reviews found: 28
2024-10-28 12:42:10,898 - INFO - MoviesScraper initialized with 0 clicks
2024-10-28 12:42:11,147 - INFO - Finished extraction of movie data.
2024-10-28 12:42:11,148 - INFO - Completed fetching movies. Total movies: 28
2024-10-28 13:07:02,276 - INFO - Total reviews found: 28
2024-10-28 13:07:02,277 - INFO - MoviesScraper initialized with 0 clicks
2024-10-28 13:07:02,438 - INFO - Finished extraction of movie data.
2024-10-28 13:07:02,439 - INFO - Completed fetching movies. Total movies: 28
2024-10-28 14:02:37,235 - INFO - Total reviews found: 28
2024-10-28 14:02:37,236 - INFO - MoviesScraper initialized with 0 clicks
2024-10-28 14:02:37,464 - INFO - Finished extraction of movie data.
2024-10-28 14:02:37,465 - INFO - Completed fetching movies. Total movies: 28
2024-10-28 17:51:08,778 - INFO - Total reviews found: 90
2024-10-28 17:51:08,779 - INFO - MoviesScraper initialized with 1 clicks
2024-10-28 17:51:08,866 - INFO - Clicked 'Load More' button successfully.
2024-10-28 17:51:10,269 - INFO - Finished extraction of movie data.
2024-10-28 17:51:10,269 - INFO - Completed fetching movies. Total movies: 50
2024-10-28 18:01:58,011 - INFO - Total reviews found: 90
2024-10-28 18:01:58,011 - INFO - MoviesScraper initialized with 1 clicks
2024-10-28 18:01:58,068 - INFO - Clicked 'Load More' button successfully.
2024-10-28 18:01:59,368 - INFO - Finished extraction of movie data.
2024-10-28 18:01:59,369 - INFO - Completed fetching movies. Total movies: 90
2024-10-28 18:19:44,655 - INFO - Total reviews found: 90
2024-10-28 18:19:44,656 - INFO - MoviesScraper initialized with 1 clicks
2024-10-28 18:19:44,714 - INFO - Clicked 'Load More' button successfully.
2024-10-28 18:19:45,965 - INFO - Finished extraction of movie data.
2024-10-28 18:19:45,965 - INFO - Completed fetching movies. Total movies: 90
2024-10-28 18:21:59,925 - INFO - Total reviews found: 38
2024-10-28 18:21:59,926 - INFO - MoviesScraper initialized with 0 clicks
2024-10-28 18:22:00,117 - INFO - Finished extraction of movie data.
2024-10-28 18:22:00,118 - INFO - Completed fetching movies. Total movies: 38
2024-10-28 18:35:37,097 - INFO - Total reviews found: 38
2024-10-28 18:35:37,098 - INFO - MoviesScraper initialized with 0 clicks
2024-10-28 18:35:37,319 - INFO - Finished extraction of movie data.
2024-10-28 18:35:37,320 - INFO - Completed fetching movies. Total movies: 38
2024-10-28 18:45:36,380 - INFO - Total reviews found: 38
2024-10-28 18:45:36,380 - INFO - MoviesScraper initialized with 0 clicks
2024-10-28 18:45:36,564 - INFO - Finished extraction of movie data.
2024-10-28 18:45:36,565 - INFO - Completed fetching movies. Total movies: 38
2024-10-28 18:49:13,204 - INFO - Total reviews found: 38
2024-10-28 18:49:13,204 - INFO - MoviesScraper initialized with 0 clicks
2024-10-28 18:49:13,364 - INFO - Finished extraction of movie data.
2024-10-28 18:49:13,364 - INFO - Completed fetching movies. Total movies: 38
2024-10-28 18:54:28,970 - INFO - Total reviews found: 38
2024-10-28 18:54:28,971 - INFO - MoviesScraper initialized with 0 clicks
2024-10-28 18:54:29,199 - INFO - Finished extraction of movie data.
2024-10-28 18:54:29,200 - INFO - Completed fetching movies. Total movies: 38
2024-10-28 18:58:10,618 - INFO - Total reviews found: 38
2024-10-28 18:58:10,618 - INFO - MoviesScraper initialized with 0 clicks
2024-10-28 18:58:10,784 - INFO - Finished extraction of movie data.
2024-10-28 18:58:10,785 - INFO - Completed fetching movies. Total movies: 38
2024-10-28 19:04:25,875 - INFO - Total reviews found: 29
2024-10-28 19:04:25,877 - INFO - MoviesScraper initialized with 0 clicks
2024-10-28 19:04:26,220 - INFO - Finished extraction of movie data.
2024-10-28 19:04:26,220 - INFO - Completed fetching movies. Total movies: 29
2024-10-28 19:21:07,321 - INFO - Total reviews found: 29
2024-10-28 19:21:07,322 - INFO - MoviesScraper initialized with 0 clicks
2024-10-28 19:21:07,526 - INFO - Finished extraction of movie data.
2024-10-28 19:21:07,527 - INFO - Completed fetching movies. Total movies: 29
2024-10-28 19:35:39,086 - INFO - Total reviews found: 29
2024-10-28 19:35:39,087 - INFO - MoviesScraper initialized with 0 clicks
2024-10-28 19:35:39,314 - INFO - Finished extraction of movie data.
2024-10-28 19:35:39,315 - INFO - Completed fetching movies. Total movies: 29
2024-10-28 19:45:14,543 - INFO - Total reviews found: 38
2024-10-28 19:45:14,545 - INFO - MoviesScraper initialized with 0 clicks
2024-10-28 19:45:14,794 - INFO - Finished extraction of movie data.
2024-10-28 19:45:14,795 - INFO - Completed fetching movies. Total movies: 38
2024-10-28 19:55:26,115 - INFO - Total reviews found: 38
2024-10-28 19:55:26,116 - INFO - MoviesScraper initialized with 0 clicks
2024-10-28 19:55:26,413 - INFO - Finished extraction of movie data.
2024-10-28 19:55:26,414 - INFO - Completed fetching movies. Total movies: 38
2024-10-28 20:22:42,090 - INFO - Total reviews found: 31
2024-10-28 20:22:42,091 - INFO - MoviesScraper initialized with 0 clicks
2024-10-28 20:22:42,284 - INFO - Finished extraction of movie data.
2024-10-28 20:22:42,285 - INFO - Completed fetching movies. Total movies: 31
2024-10-28 20:40:31,214 - INFO - Total reviews found: 31
2024-10-28 20:40:31,215 - INFO - MoviesScraper initialized with 0 clicks
2024-10-28 20:40:31,403 - INFO - Finished extraction of movie data.
2024-10-28 20:40:31,404 - INFO - Completed fetching movies. Total movies: 31
2024-10-28 21:00:42,768 - INFO - Total reviews found: 36
2024-10-28 21:00:42,770 - INFO - MoviesScraper initialized with 0 clicks
2024-10-28 21:00:43,006 - INFO - Finished extraction of movie data.
2024-10-28 21:00:43,007 - INFO - Completed fetching movies. Total movies: 36
2024-10-28 21:09:34,091 - INFO - Total reviews found: 36
2024-10-28 21:09:34,091 - INFO - MoviesScraper initialized with 0 clicks
2024-10-28 21:09:34,273 - INFO - Finished extraction of movie data.
2024-10-28 21:09:34,274 - INFO - Completed fetching movies. Total movies: 36
2024-10-28 21:54:22,108 - INFO - Total reviews found: 36
2024-10-28 21:54:22,109 - INFO - MoviesScraper initialized with 0 clicks
2024-10-28 21:54:22,357 - INFO - Finished extraction of movie data.
2024-10-28 21:54:22,358 - INFO - Completed fetching movies. Total movies: 36
2024-10-28 21:55:55,569 - INFO - Total reviews found: 31
2024-10-28 21:55:55,570 - INFO - MoviesScraper initialized with 0 clicks
2024-10-28 21:55:55,851 - INFO - Finished extraction of movie data.
2024-10-28 21:55:55,851 - INFO - Completed fetching movies. Total movies: 31
2024-10-28 22:18:21,581 - INFO - Total reviews found: 31
2024-10-28 22:18:21,582 - INFO - MoviesScraper initialized with 0 clicks
2024-10-28 22:18:21,833 - INFO - Finished extraction of movie data.
2024-10-28 22:18:21,834 - INFO - Completed fetching movies. Total movies: 31
2024-10-28 22:19:05,324 - INFO - Total reviews found: 31
2024-10-28 22:19:05,325 - INFO - MoviesScraper initialized with 0 clicks
2024-10-28 22:19:05,517 - INFO - Finished extraction of movie data.
2024-10-28 22:19:05,518 - INFO - Completed fetching movies. Total movies: 31
2024-10-28 22:21:23,983 - INFO - Total reviews found: 31
2024-10-28 22:21:23,984 - INFO - MoviesScraper initialized with 0 clicks
2024-10-28 22:21:24,226 - INFO - Finished extraction of movie data.
2024-10-28 22:21:24,227 - INFO - Completed fetching movies. Total movies: 31
2024-10-28 22:45:11,323 - INFO - Total reviews found: 31
2024-10-28 22:45:11,323 - INFO - MoviesScraper initialized with 0 clicks
2024-10-28 22:45:11,549 - INFO - Finished extraction of movie data.
2024-10-28 22:45:11,549 - INFO - Completed fetching movies. Total movies: 31
2024-10-28 22:58:58,931 - INFO - Total reviews found: 31
2024-10-28 22:58:58,932 - INFO - MoviesScraper initialized with 0 clicks
2024-10-28 22:58:59,182 - INFO - Finished extraction of movie data.
2024-10-28 22:58:59,183 - INFO - Completed fetching movies. Total movies: 31
2024-10-28 23:07:09,894 - INFO - Total reviews found: 31
2024-10-28 23:07:09,895 - INFO - MoviesScraper initialized with 0 clicks
2024-10-28 23:07:10,122 - INFO - Finished extraction of movie data.
2024-10-28 23:07:10,123 - INFO - Completed fetching movies. Total movies: 31
2024-10-29 12:07:26,579 - INFO - Total reviews found: 29
2024-10-29 12:07:26,580 - INFO - MoviesScraper initialized with 0 clicks
2024-10-29 12:07:26,834 - INFO - Finished extraction of movie data.
2024-10-29 12:07:26,835 - INFO - Completed fetching movies. Total movies: 29
2024-10-29 12:36:32,319 - INFO - Total reviews found: 29
2024-10-29 12:36:32,320 - INFO - MoviesScraper initialized with 0 clicks
2024-10-29 12:36:32,492 - INFO - Finished extraction of movie data.
2024-10-29 12:36:32,493 - INFO - Completed fetching movies. Total movies: 29
2024-10-29 12:45:42,640 - INFO - Total reviews found: 29
2024-10-29 12:45:42,641 - INFO - MoviesScraper initialized with 0 clicks
2024-10-29 12:45:42,794 - INFO - Finished extraction of movie data.
2024-10-29 12:45:42,794 - INFO - Completed fetching movies. Total movies: 29
2024-10-29 12:56:30,666 - INFO - Total reviews found: 29
2024-10-29 12:56:30,666 - INFO - MoviesScraper initialized with 0 clicks
2024-10-29 12:56:30,850 - INFO - Finished extraction of movie data.
2024-10-29 12:56:30,850 - INFO - Completed fetching movies. Total movies: 29
2024-10-29 13:26:33,539 - INFO - Total reviews found: 50
2024-10-29 13:26:33,540 - INFO - MoviesScraper initialized with 0 clicks
2024-10-29 13:26:33,774 - INFO - Finished extraction of movie data.
2024-10-29 13:26:33,775 - INFO - Completed fetching movies. Total movies: 50
2024-10-29 13:51:04,979 - INFO - Total reviews found: 32
2024-10-29 13:51:04,980 - INFO - MoviesScraper initialized with 0 clicks
2024-10-29 13:51:05,175 - INFO - Finished extraction of movie data.
2024-10-29 13:51:05,175 - INFO - Completed fetching movies. Total movies: 32
2024-10-29 14:00:40,460 - INFO - Total reviews found: 32
2024-10-29 14:00:40,461 - INFO - MoviesScraper initialized with 0 clicks
2024-10-29 14:00:40,687 - INFO - Finished extraction of movie data.
2024-10-29 14:00:40,688 - INFO - Completed fetching movies. Total movies: 32
2024-10-29 14:01:17,458 - INFO - Total reviews found: 29
2024-10-29 14:01:17,459 - INFO - MoviesScraper initialized with 0 clicks
2024-10-29 14:01:17,679 - INFO - Finished extraction of movie data.
2024-10-29 14:01:17,679 - INFO - Completed fetching movies. Total movies: 29
2024-10-29 14:22:43,087 - INFO - Total reviews found: 29
2024-10-29 14:22:43,088 - INFO - MoviesScraper initialized with 0 clicks
2024-10-29 14:22:43,288 - INFO - Finished extraction of movie data.
2024-10-29 14:22:43,289 - INFO - Completed fetching movies. Total movies: 29
2024-10-29 14:36:04,709 - INFO - Total reviews found: 50
2024-10-29 14:36:04,710 - INFO - MoviesScraper initialized with 0 clicks
2024-10-29 14:36:04,931 - INFO - Finished extraction of movie data.
2024-10-29 14:36:04,931 - INFO - Completed fetching movies. Total movies: 50
2024-10-29 15:03:45,289 - INFO - Total reviews found: 50
2024-10-29 15:03:45,291 - INFO - MoviesScraper initialized with 0 clicks
2024-10-29 15:03:45,627 - INFO - Finished extraction of movie data.
2024-10-29 15:03:45,628 - INFO - Completed fetching movies. Total movies: 50
2024-10-29 15:42:33,079 - INFO - Total reviews found: 50
2024-10-29 15:42:33,080 - INFO - MoviesScraper initialized with 0 clicks
2024-10-29 15:42:33,368 - INFO - Finished extraction of movie data.
2024-10-29 15:42:33,369 - INFO - Completed fetching movies. Total movies: 50
2024-10-29 16:23:55,999 - INFO - Total reviews found: 50
2024-10-29 16:23:56,000 - INFO - MoviesScraper initialized with 0 clicks
2024-10-29 16:23:56,224 - INFO - Finished extraction of movie data.
2024-10-29 16:23:56,225 - INFO - Completed fetching movies. Total movies: 50
2024-10-29 16:32:55,378 - INFO - Total reviews found: 50
2024-10-29 16:32:55,379 - INFO - MoviesScraper initialized with 0 clicks
2024-10-29 16:32:55,591 - INFO - Finished extraction of movie data.
2024-10-29 16:32:55,591 - INFO - Completed fetching movies. Total movies: 50
2024-10-29 17:00:28,547 - INFO - Total reviews found: 27
2024-10-29 17:00:28,549 - INFO - MoviesScraper initialized with 0 clicks
2024-10-29 17:00:28,754 - INFO - Finished extraction of movie data.
2024-10-29 17:00:28,755 - INFO - Completed fetching movies. Total movies: 27
2024-10-29 17:19:09,407 - INFO - Total reviews found: 29
2024-10-29 17:19:09,408 - INFO - MoviesScraper initialized with 0 clicks
2024-10-29 17:19:09,632 - INFO - Finished extraction of movie data.
2024-10-29 17:19:09,633 - INFO - Completed fetching movies. Total movies: 29
2024-10-29 17:37:42,379 - INFO - Total reviews found: 29
2024-10-29 17:37:42,380 - INFO - MoviesScraper initialized with 0 clicks
2024-10-29 17:37:42,579 - INFO - Finished extraction of movie data.
2024-10-29 17:37:42,579 - INFO - Completed fetching movies. Total movies: 29
2024-10-29 17:52:34,291 - INFO - Total reviews found: 29
2024-10-29 17:52:34,291 - INFO - MoviesScraper initialized with 0 clicks
2024-10-29 17:52:34,472 - INFO - Finished extraction of movie data.
2024-10-29 17:52:34,472 - INFO - Completed fetching movies. Total movies: 29
2024-10-29 17:59:54,186 - INFO - Total reviews found: 29
2024-10-29 17:59:54,186 - INFO - MoviesScraper initialized with 0 clicks
2024-10-29 17:59:54,397 - INFO - Finished extraction of movie data.
2024-10-29 17:59:54,397 - INFO - Completed fetching movies. Total movies: 29
2024-10-29 18:01:22,413 - INFO - Total reviews found: 50
2024-10-29 18:01:22,414 - INFO - MoviesScraper initialized with 0 clicks
2024-10-29 18:01:22,671 - INFO - Finished extraction of movie data.
2024-10-29 18:01:22,672 - INFO - Completed fetching movies. Total movies: 50
2024-10-29 18:07:59,206 - INFO - Total reviews found: 98
2024-10-29 18:07:59,207 - INFO - MoviesScraper initialized with 1 clicks
2024-10-29 18:07:59,269 - INFO - Clicked 'Load More' button successfully.
2024-10-29 18:08:00,548 - INFO - Finished extraction of movie data.
2024-10-29 18:08:00,548 - INFO - Completed fetching movies. Total movies: 50
2024-10-29 18:57:39,632 - INFO - Total reviews found: 23
2024-10-29 18:57:39,633 - INFO - MoviesScraper initialized with 0 clicks
2024-10-29 18:57:39,812 - INFO - Finished extraction of movie data.
2024-10-29 18:57:39,813 - INFO - Completed fetching movies. Total movies: 23
2024-10-29 20:00:51,357 - INFO - Total reviews found: 34
2024-10-29 20:00:51,357 - INFO - MoviesScraper initialized with 0 clicks
2024-10-29 20:00:51,562 - INFO - Finished extraction of movie data.
2024-10-29 20:00:51,562 - INFO - Completed fetching movies. Total movies: 34
2024-10-29 20:03:59,236 - INFO - Total reviews found: 34
2024-10-29 20:03:59,236 - INFO - MoviesScraper initialized with 0 clicks
2024-10-29 20:03:59,429 - INFO - Finished extraction of movie data.
2024-10-29 20:03:59,430 - INFO - Completed fetching movies. Total movies: 34
2024-10-29 20:05:41,674 - INFO - Total reviews found: 34
2024-10-29 20:05:41,675 - INFO - MoviesScraper initialized with 0 clicks
2024-10-29 20:05:41,972 - INFO - Finished extraction of movie data.
2024-10-29 20:05:41,972 - INFO - Completed fetching movies. Total movies: 34
2024-10-29 20:06:20,503 - INFO - Total reviews found: 34
2024-10-29 20:06:20,504 - INFO - MoviesScraper initialized with 0 clicks
2024-10-29 20:06:20,695 - INFO - Finished extraction of movie data.
2024-10-29 20:06:20,696 - INFO - Completed fetching movies. Total movies: 34
2024-10-29 20:06:52,609 - INFO - Total reviews found: 34
2024-10-29 20:06:52,609 - INFO - MoviesScraper initialized with 0 clicks
2024-10-29 20:06:52,801 - INFO - Finished extraction of movie data.
2024-10-29 20:06:52,802 - INFO - Completed fetching movies. Total movies: 34
2024-10-29 20:15:00,846 - INFO - Total reviews found: 16
2024-10-29 20:15:00,847 - INFO - MoviesScraper initialized with 0 clicks
2024-10-29 20:15:01,035 - INFO - Finished extraction of movie data.
2024-10-29 20:15:01,036 - INFO - Completed fetching movies. Total movies: 16
2024-10-29 20:16:59,239 - INFO - Total reviews found: 16
2024-10-29 20:16:59,240 - INFO - MoviesScraper initialized with 0 clicks
2024-10-29 20:16:59,393 - INFO - Finished extraction of movie data.
2024-10-29 20:16:59,394 - INFO - Completed fetching movies. Total movies: 16
2024-10-29 20:17:35,757 - INFO - Total reviews found: 16
2024-10-29 20:17:35,757 - INFO - MoviesScraper initialized with 0 clicks
2024-10-29 20:17:35,925 - INFO - Finished extraction of movie data.
2024-10-29 20:17:35,925 - INFO - Completed fetching movies. Total movies: 16
2024-10-29 20:28:57,427 - INFO - Total reviews found: 21
2024-10-29 20:28:57,427 - INFO - MoviesScraper initialized with 0 clicks
2024-10-29 20:28:57,646 - INFO - Finished extraction of movie data.
2024-10-29 20:28:57,647 - INFO - Completed fetching movies. Total movies: 21
2024-10-29 20:30:36,467 - INFO - Total reviews found: 21
2024-10-29 20:30:36,468 - INFO - MoviesScraper initialized with 0 clicks
2024-10-29 20:30:36,661 - INFO - Finished extraction of movie data.
2024-10-29 20:30:36,661 - INFO - Completed fetching movies. Total movies: 21
2024-10-29 20:32:40,746 - INFO - Total reviews found: 21
2024-10-29 20:32:40,747 - INFO - MoviesScraper initialized with 0 clicks
2024-10-29 20:32:40,910 - INFO - Finished extraction of movie data.
2024-10-29 20:32:40,911 - INFO - Completed fetching movies. Total movies: 21
2024-10-29 20:40:36,749 - INFO - Total reviews found: 37
2024-10-29 20:40:36,749 - INFO - MoviesScraper initialized with 0 clicks
2024-10-29 20:40:37,024 - INFO - Finished extraction of movie data.
2024-10-29 20:40:37,025 - INFO - Completed fetching movies. Total movies: 37
2024-10-29 20:44:09,751 - INFO - Total reviews found: 37
2024-10-29 20:44:09,751 - INFO - MoviesScraper initialized with 0 clicks
2024-10-29 20:44:10,084 - INFO - Finished extraction of movie data.
2024-10-29 20:44:10,085 - INFO - Completed fetching movies. Total movies: 37
2024-10-29 21:06:33,189 - INFO - Total reviews found: 23
2024-10-29 21:06:33,190 - INFO - MoviesScraper initialized with 0 clicks
2024-10-29 21:06:33,472 - INFO - Finished extraction of movie data.
2024-10-29 21:06:33,472 - INFO - Completed fetching movies. Total movies: 23
2024-10-29 21:11:32,166 - INFO - Total reviews found: 24
2024-10-29 21:11:32,166 - INFO - MoviesScraper initialized with 0 clicks
2024-10-29 21:11:32,388 - INFO - Finished extraction of movie data.
2024-10-29 21:11:32,388 - INFO - Completed fetching movies. Total movies: 24
