2024-10-25 23:27:53,280 - INFO - Fetching reviews for movie_id: tt29461220
2024-10-25 23:27:56,579 - INFO - Accessed URL: https://www.imdb.com/title/tt29461220/reviews/?sort=submission_date%2Cdesc&dir=desc
2024-10-25 23:27:56,647 - INFO - Total reviews found: 2
2024-10-25 23:28:16,716 - INFO - Processed 2 reviews for Movie ID: tt29461220.
2024-10-25 23:28:16,716 - INFO - Movie tt29461220 has 2/2 reviews
2024-10-27 22:30:21,511 - INFO - Fetching reviews for movie_id: tt29461220
2024-10-27 22:30:28,938 - INFO - Accessed URL: https://www.imdb.com/title/tt29461220/reviews/?sort=submission_date%2Cdesc&dir=desc
2024-10-27 22:30:28,965 - INFO - Total reviews found: 5
2024-10-27 22:30:28,965 - INFO - 5 new reviews found for Movie ID tt29461220
2024-10-27 22:30:49,163 - INFO - Processed 5 reviews for Movie ID: tt29461220.
2024-10-27 22:30:49,164 - INFO - Movie tt29461220 has 5/5 reviews
2024-10-29 14:37:25,232 - INFO - Fetching reviews for movie_id: tt29461220
2024-10-29 14:37:28,448 - INFO - Accessed URL: https://www.imdb.com/title/tt29461220/reviews/?sort=submission_date%2Cdesc&dir=desc
2024-10-29 14:37:28,509 - INFO - Total reviews found: 8
2024-10-29 14:37:28,511 - INFO - 8 new reviews found for Movie ID tt29461220
2024-10-29 14:37:48,604 - INFO - Processed 8 reviews for Movie ID: tt29461220.
2024-10-29 14:37:48,604 - INFO - Movie tt29461220 has 8/8 reviews
2024-10-29 15:05:01,050 - INFO - Fetching reviews for movie_id: tt29461220
2024-10-29 15:05:04,242 - INFO - Accessed URL: https://www.imdb.com/title/tt29461220/reviews/?sort=submission_date%2Cdesc&dir=desc
2024-10-29 15:05:04,312 - INFO - Total reviews found: 8
2024-10-29 15:05:04,312 - INFO - 8 new reviews found for Movie ID tt29461220
2024-10-29 15:05:24,404 - INFO - Processed 8 reviews for Movie ID: tt29461220.
2024-10-29 15:05:24,404 - INFO - Movie tt29461220 has 8/8 reviews
2024-10-29 15:43:49,793 - INFO - Fetching reviews for movie_id: tt29461220
2024-10-29 15:43:54,667 - INFO - Accessed URL: https://www.imdb.com/title/tt29461220/reviews/?sort=submission_date%2Cdesc&dir=desc
2024-10-29 15:43:54,695 - INFO - Total reviews found: 8
2024-10-29 15:43:54,695 - INFO - 8 new reviews found for Movie ID tt29461220
2024-10-29 15:44:14,812 - INFO - Processed 8 reviews for Movie ID: tt29461220.
2024-10-29 15:44:14,812 - INFO - Movie tt29461220 has 8/8 reviews
2024-10-29 16:25:12,676 - INFO - Fetching reviews for movie_id: tt29461220
2024-10-29 16:25:16,113 - INFO - Accessed URL: https://www.imdb.com/title/tt29461220/reviews/?sort=submission_date%2Cdesc&dir=desc
2024-10-29 16:25:16,186 - INFO - Total reviews found: 8
2024-10-29 16:25:16,186 - INFO - 8 new reviews found for Movie ID tt29461220
2024-10-29 16:25:36,304 - INFO - Processed 8 reviews for Movie ID: tt29461220.
2024-10-29 16:25:36,304 - INFO - Movie tt29461220 has 8/8 reviews
2024-10-29 16:34:11,137 - INFO - Fetching reviews for movie_id: tt29461220
2024-10-29 16:34:14,431 - INFO - Accessed URL: https://www.imdb.com/title/tt29461220/reviews/?sort=submission_date%2Cdesc&dir=desc
2024-10-29 16:34:14,466 - INFO - Total reviews found: 8
2024-10-29 16:34:14,466 - INFO - 8 new reviews found for Movie ID tt29461220
2024-10-29 16:34:34,600 - INFO - Processed 8 reviews for Movie ID: tt29461220.
2024-10-29 16:34:34,600 - INFO - Movie tt29461220 has 8/8 reviews
2024-10-29 18:02:39,856 - INFO - Fetching reviews for movie_id: tt29461220
2024-10-29 18:02:43,404 - INFO - Accessed URL: https://www.imdb.com/title/tt29461220/reviews/?sort=submission_date%2Cdesc&dir=desc
2024-10-29 18:02:43,431 - INFO - Total reviews found: 8
2024-10-29 18:02:43,431 - INFO - 8 new reviews found for Movie ID tt29461220
2024-10-29 18:03:03,531 - INFO - Processed 8 reviews for Movie ID: tt29461220.
2024-10-29 18:03:03,531 - INFO - Movie tt29461220 has 8/8 reviews
