2024-10-23 22:32:48,420 - INFO - Fetching reviews for movie_id: tt29560024
2024-10-23 22:32:51,505 - INFO - Accessed URL: https://www.imdb.com/title/tt29560024/reviews/?sort=submission_date%2Cdesc&dir=desc
2024-10-23 22:32:51,535 - INFO - Total reviews found: 1
2024-10-23 22:33:11,640 - INFO - Processed 1 reviews for Movie ID: tt29560024.
2024-10-23 22:33:11,642 - INFO - Movie tt29560024 has 1/1 reviews
2024-10-27 22:38:26,743 - INFO - Fetching reviews for movie_id: tt29560024
2024-10-27 22:38:34,230 - INFO - Accessed URL: https://www.imdb.com/title/tt29560024/reviews/?sort=submission_date%2Cdesc&dir=desc
2024-10-27 22:38:34,261 - INFO - Total reviews found: 1
2024-10-27 22:38:34,262 - INFO - 1 new reviews found for Movie ID tt29560024
2024-10-27 22:38:54,338 - INFO - Processed 1 reviews for Movie ID: tt29560024.
2024-10-27 22:38:54,338 - INFO - Movie tt29560024 has 1/1 reviews
2024-10-28 10:59:55,077 - INFO - Fetching reviews for movie_id: tt29560024
2024-10-28 10:59:58,686 - INFO - Accessed URL: https://www.imdb.com/title/tt29560024/reviews/?sort=submission_date%2Cdesc&dir=desc
2024-10-28 10:59:58,720 - INFO - Total reviews found: 1
2024-10-28 10:59:58,720 - INFO - 1 new reviews found for Movie ID tt29560024
2024-10-28 11:00:18,838 - INFO - Processed 1 reviews for Movie ID: tt29560024.
2024-10-28 11:00:18,838 - INFO - Movie tt29560024 has 1/1 reviews
2024-10-28 11:05:51,903 - INFO - Fetching reviews for movie_id: tt29560024
2024-10-28 11:05:55,435 - INFO - Accessed URL: https://www.imdb.com/title/tt29560024/reviews/?sort=submission_date%2Cdesc&dir=desc
2024-10-28 11:05:55,466 - INFO - Total reviews found: 1
2024-10-28 11:05:55,467 - INFO - 1 new reviews found for Movie ID tt29560024
2024-10-28 11:06:15,574 - INFO - Processed 1 reviews for Movie ID: tt29560024.
2024-10-28 11:06:15,575 - INFO - Movie tt29560024 has 1/1 reviews
