2024-10-25 23:25:11,001 - INFO - Fetching reviews for movie_id: tt32915125
2024-10-25 23:25:14,838 - INFO - Accessed URL: https://www.imdb.com/title/tt32915125/reviews/?sort=submission_date%2Cdesc&dir=desc
2024-10-25 23:25:14,869 - INFO - Total reviews found: 0
2024-10-25 23:25:14,869 - INFO - No reviews found for Movie ID tt32915125
2024-10-27 22:24:41,495 - INFO - Fetching reviews for movie_id: tt32915125
2024-10-27 22:24:48,808 - INFO - Accessed URL: https://www.imdb.com/title/tt32915125/reviews/?sort=submission_date%2Cdesc&dir=desc
2024-10-27 22:24:48,843 - INFO - Total reviews found: 1
2024-10-27 22:24:48,843 - INFO - 1 new reviews found for Movie ID tt32915125
2024-10-27 22:25:08,929 - INFO - Processed 1 reviews for Movie ID: tt32915125.
2024-10-27 22:25:08,929 - INFO - Movie tt32915125 has 1/1 reviews
2024-10-29 14:36:51,560 - INFO - Fetching reviews for movie_id: tt32915125
2024-10-29 14:36:54,719 - INFO - Accessed URL: https://www.imdb.com/title/tt32915125/reviews/?sort=submission_date%2Cdesc&dir=desc
2024-10-29 14:36:54,747 - INFO - Total reviews found: 1
2024-10-29 14:36:54,748 - INFO - 1 new reviews found for Movie ID tt32915125
2024-10-29 14:37:14,821 - INFO - Processed 1 reviews for Movie ID: tt32915125.
2024-10-29 14:37:14,821 - INFO - Movie tt32915125 has 1/1 reviews
2024-10-29 15:04:28,936 - INFO - Fetching reviews for movie_id: tt32915125
2024-10-29 15:04:32,126 - INFO - Accessed URL: https://www.imdb.com/title/tt32915125/reviews/?sort=submission_date%2Cdesc&dir=desc
2024-10-29 15:04:32,156 - INFO - Total reviews found: 1
2024-10-29 15:04:32,156 - INFO - 1 new reviews found for Movie ID tt32915125
2024-10-29 15:04:52,236 - INFO - Processed 1 reviews for Movie ID: tt32915125.
2024-10-29 15:04:52,236 - INFO - Movie tt32915125 has 1/1 reviews
2024-10-29 15:43:17,923 - INFO - Fetching reviews for movie_id: tt32915125
2024-10-29 15:43:21,226 - INFO - Accessed URL: https://www.imdb.com/title/tt32915125/reviews/?sort=submission_date%2Cdesc&dir=desc
2024-10-29 15:43:21,254 - INFO - Total reviews found: 1
2024-10-29 15:43:21,254 - INFO - 1 new reviews found for Movie ID tt32915125
2024-10-29 15:43:41,326 - INFO - Processed 1 reviews for Movie ID: tt32915125.
2024-10-29 15:43:41,326 - INFO - Movie tt32915125 has 1/1 reviews
2024-10-29 16:24:40,391 - INFO - Fetching reviews for movie_id: tt32915125
2024-10-29 16:24:43,944 - INFO - Accessed URL: https://www.imdb.com/title/tt32915125/reviews/?sort=submission_date%2Cdesc&dir=desc
2024-10-29 16:24:43,985 - INFO - Total reviews found: 1
2024-10-29 16:24:43,985 - INFO - 1 new reviews found for Movie ID tt32915125
2024-10-29 16:25:04,054 - INFO - Processed 1 reviews for Movie ID: tt32915125.
2024-10-29 16:25:04,055 - INFO - Movie tt32915125 has 1/1 reviews
2024-10-29 16:33:39,153 - INFO - Fetching reviews for movie_id: tt32915125
2024-10-29 16:33:42,528 - INFO - Accessed URL: https://www.imdb.com/title/tt32915125/reviews/?sort=submission_date%2Cdesc&dir=desc
2024-10-29 16:33:42,551 - INFO - Total reviews found: 1
2024-10-29 16:33:42,551 - INFO - 1 new reviews found for Movie ID tt32915125
2024-10-29 16:34:02,641 - INFO - Processed 1 reviews for Movie ID: tt32915125.
2024-10-29 16:34:02,642 - INFO - Movie tt32915125 has 1/1 reviews
2024-10-29 18:02:07,366 - INFO - Fetching reviews for movie_id: tt32915125
2024-10-29 18:02:10,701 - INFO - Accessed URL: https://www.imdb.com/title/tt32915125/reviews/?sort=submission_date%2Cdesc&dir=desc
2024-10-29 18:02:10,735 - INFO - Total reviews found: 1
2024-10-29 18:02:10,735 - INFO - 1 new reviews found for Movie ID tt32915125
2024-10-29 18:02:30,800 - INFO - Processed 1 reviews for Movie ID: tt32915125.
2024-10-29 18:02:30,800 - INFO - Movie tt32915125 has 1/1 reviews
