2024-10-23 22:29:49,473 - INFO - Fetching reviews for movie_id: tt32743167
2024-10-23 22:29:53,140 - INFO - Accessed URL: https://www.imdb.com/title/tt32743167/reviews/?sort=submission_date%2Cdesc&dir=desc
2024-10-23 22:29:53,192 - INFO - Total reviews found: 8
2024-10-23 22:30:13,327 - INFO - Processed 8 reviews for Movie ID: tt32743167.
2024-10-23 22:30:13,329 - INFO - Movie tt32743167 has 8/8 reviews
2024-10-27 18:59:19,124 - INFO - Fetching reviews for movie_id: tt32743167
2024-10-27 18:59:22,590 - INFO - Accessed URL: https://www.imdb.com/title/tt32743167/reviews/?sort=submission_date%2Cdesc&dir=desc
2024-10-27 18:59:22,621 - INFO - Total reviews found: 16
2024-10-27 18:59:22,622 - INFO - 16 new reviews found for Movie ID tt32743167
2024-10-27 18:59:42,760 - INFO - Processed 16 reviews for Movie ID: tt32743167.
2024-10-27 18:59:42,761 - INFO - Movie tt32743167 has 16/16 reviews
2024-10-27 19:18:19,310 - INFO - Fetching reviews for movie_id: tt32743167
2024-10-27 19:18:23,797 - INFO - Accessed URL: https://www.imdb.com/title/tt32743167/reviews/?sort=submission_date%2Cdesc&dir=desc
2024-10-27 19:18:23,813 - INFO - Total reviews found: 16
2024-10-27 19:18:23,813 - INFO - 16 new reviews found for Movie ID tt32743167
2024-10-27 19:18:43,962 - INFO - Processed 16 reviews for Movie ID: tt32743167.
2024-10-27 19:18:43,962 - INFO - Movie tt32743167 has 16/16 reviews
2024-10-27 19:25:42,086 - INFO - Fetching reviews for movie_id: tt32743167
2024-10-27 19:25:45,635 - INFO - Accessed URL: https://www.imdb.com/title/tt32743167/reviews/?sort=submission_date%2Cdesc&dir=desc
2024-10-27 19:25:45,667 - INFO - Total reviews found: 16
2024-10-27 19:25:45,668 - INFO - 16 new reviews found for Movie ID tt32743167
2024-10-27 19:26:05,793 - INFO - Processed 16 reviews for Movie ID: tt32743167.
2024-10-27 19:26:05,793 - INFO - Movie tt32743167 has 16/16 reviews
2024-10-27 19:37:12,177 - INFO - Fetching reviews for movie_id: tt32743167
2024-10-27 19:37:16,764 - INFO - Accessed URL: https://www.imdb.com/title/tt32743167/reviews/?sort=submission_date%2Cdesc&dir=desc
2024-10-27 19:37:16,795 - INFO - Total reviews found: 16
2024-10-27 19:37:16,795 - INFO - 16 new reviews found for Movie ID tt32743167
2024-10-27 19:37:36,937 - INFO - Processed 16 reviews for Movie ID: tt32743167.
2024-10-27 19:37:36,937 - INFO - Movie tt32743167 has 16/16 reviews
2024-10-27 20:15:20,572 - INFO - Fetching reviews for movie_id: tt32743167
2024-10-27 20:15:24,181 - INFO - Accessed URL: https://www.imdb.com/title/tt32743167/reviews/?sort=submission_date%2Cdesc&dir=desc
2024-10-27 20:15:24,221 - INFO - Total reviews found: 16
2024-10-27 20:15:24,223 - INFO - 16 new reviews found for Movie ID tt32743167
2024-10-27 20:15:44,474 - INFO - Processed 16 reviews for Movie ID: tt32743167.
2024-10-27 20:15:44,475 - INFO - Movie tt32743167 has 16/16 reviews
2024-10-27 20:27:58,252 - INFO - Fetching reviews for movie_id: tt32743167
2024-10-27 20:28:04,094 - INFO - Accessed URL: https://www.imdb.com/title/tt32743167/reviews/?sort=submission_date%2Cdesc&dir=desc
2024-10-27 20:28:04,132 - INFO - Total reviews found: 16
2024-10-27 20:28:04,133 - INFO - 16 new reviews found for Movie ID tt32743167
2024-10-27 20:28:24,329 - INFO - Processed 16 reviews for Movie ID: tt32743167.
2024-10-27 20:28:24,330 - INFO - Movie tt32743167 has 16/16 reviews
2024-10-27 20:37:30,268 - INFO - Fetching reviews for movie_id: tt32743167
2024-10-27 20:37:34,524 - INFO - Accessed URL: https://www.imdb.com/title/tt32743167/reviews/?sort=submission_date%2Cdesc&dir=desc
2024-10-27 20:37:34,556 - INFO - Total reviews found: 16
2024-10-27 20:37:34,556 - INFO - 16 new reviews found for Movie ID tt32743167
2024-10-27 20:37:54,708 - INFO - Processed 16 reviews for Movie ID: tt32743167.
2024-10-27 20:37:54,709 - INFO - Movie tt32743167 has 16/16 reviews
2024-10-27 20:56:07,106 - INFO - Fetching reviews for movie_id: tt32743167
2024-10-27 20:56:11,127 - INFO - Accessed URL: https://www.imdb.com/title/tt32743167/reviews/?sort=submission_date%2Cdesc&dir=desc
2024-10-27 20:56:11,162 - INFO - Total reviews found: 16
2024-10-27 20:56:11,162 - INFO - 16 new reviews found for Movie ID tt32743167
2024-10-27 20:56:31,288 - INFO - Processed 16 reviews for Movie ID: tt32743167.
2024-10-27 20:56:31,288 - INFO - Movie tt32743167 has 16/16 reviews
2024-10-27 21:26:39,302 - INFO - Fetching reviews for movie_id: tt32743167
2024-10-27 21:26:42,985 - INFO - Accessed URL: https://www.imdb.com/title/tt32743167/reviews/?sort=submission_date%2Cdesc&dir=desc
2024-10-27 21:26:43,014 - INFO - Total reviews found: 16
2024-10-27 21:26:43,015 - INFO - 16 new reviews found for Movie ID tt32743167
2024-10-27 21:27:03,155 - INFO - Processed 16 reviews for Movie ID: tt32743167.
2024-10-27 21:27:03,155 - INFO - Movie tt32743167 has 16/16 reviews
2024-10-27 22:16:50,843 - INFO - Fetching reviews for movie_id: tt32743167
2024-10-27 22:16:54,174 - INFO - Accessed URL: https://www.imdb.com/title/tt32743167/reviews/?sort=submission_date%2Cdesc&dir=desc
2024-10-27 22:16:54,207 - INFO - Total reviews found: 16
2024-10-27 22:16:54,207 - INFO - 16 new reviews found for Movie ID tt32743167
2024-10-27 22:17:14,355 - INFO - Processed 16 reviews for Movie ID: tt32743167.
2024-10-27 22:17:14,355 - INFO - Movie tt32743167 has 16/16 reviews
2024-10-27 22:21:54,183 - INFO - Fetching reviews for movie_id: tt32743167
2024-10-27 22:22:01,665 - INFO - Accessed URL: https://www.imdb.com/title/tt32743167/reviews/?sort=submission_date%2Cdesc&dir=desc
2024-10-27 22:22:01,691 - INFO - Total reviews found: 16
2024-10-27 22:22:01,691 - INFO - 16 new reviews found for Movie ID tt32743167
2024-10-27 22:22:21,864 - INFO - Processed 16 reviews for Movie ID: tt32743167.
2024-10-27 22:22:21,865 - INFO - Movie tt32743167 has 16/16 reviews
2024-10-28 11:16:06,482 - INFO - Fetching reviews for movie_id: tt32743167
2024-10-28 11:16:11,979 - INFO - Accessed URL: https://www.imdb.com/title/tt32743167/reviews/?sort=submission_date%2Cdesc&dir=desc
2024-10-28 11:16:12,158 - INFO - Total reviews found: 16
2024-10-28 11:16:12,159 - INFO - 16 new reviews found for Movie ID tt32743167
2024-10-28 11:16:32,320 - INFO - Processed 16 reviews for Movie ID: tt32743167.
2024-10-28 11:16:32,321 - INFO - Movie tt32743167 has 16/16 reviews
2024-10-28 11:57:10,152 - INFO - Fetching reviews for movie_id: tt32743167
2024-10-28 11:57:13,738 - INFO - Accessed URL: https://www.imdb.com/title/tt32743167/reviews/?sort=submission_date%2Cdesc&dir=desc
2024-10-28 11:57:13,771 - INFO - Total reviews found: 16
2024-10-28 11:57:13,771 - INFO - 16 new reviews found for Movie ID tt32743167
2024-10-28 11:57:33,943 - INFO - Processed 16 reviews for Movie ID: tt32743167.
2024-10-28 11:57:33,944 - INFO - Movie tt32743167 has 16/16 reviews
2024-10-28 12:33:46,781 - INFO - Fetching reviews for movie_id: tt32743167
2024-10-28 12:33:50,412 - INFO - Accessed URL: https://www.imdb.com/title/tt32743167/reviews/?sort=submission_date%2Cdesc&dir=desc
2024-10-28 12:33:50,445 - INFO - Total reviews found: 16
2024-10-28 12:33:50,445 - INFO - 16 new reviews found for Movie ID tt32743167
2024-10-28 12:34:10,592 - INFO - Processed 16 reviews for Movie ID: tt32743167.
2024-10-28 12:34:10,594 - INFO - Movie tt32743167 has 16/16 reviews
